make all --print-data-base --no-builtin-variables --no-builtin-rules --question
# GNU Make 3.81
# Copyright (C) 2006  Free Software Foundation, Inc.
# This is free software; see the source for copying conditions.
# There is NO warranty; not even for MERCHANTABILITY or FITNESS FOR A
# PARTICULAR PURPOSE.

# This program built for i386-apple-darwin11.3.0
 
make: *** No rule to make target `all'.  Stop.


# Make data base, printed on Mon May 23 10:58:51 2022

# Variables

# automatic
<D = $(patsubst %/,%,$(dir $<))
# automatic
?F = $(notdir $?)
# environment
ELECTRON_NO_ATTACH_CONSOLE = 1
# environment
LC_CTYPE = UTF-8
# environment
VSCODE_LOG_NATIVE = false
# makefile (from `Makefile', line 13)
STACK = $(stack)
# automatic
?D = $(patsubst %/,%,$(dir $?))
# automatic
@D = $(patsubst %/,%,$(dir $@))
# automatic
@F = $(notdir $@)
# makefile
CURDIR := /Users/chrisb/Projects/github/chrisb/ha-vault-in-swarm-with-transit
# makefile
SHELL = /bin/sh
# environment
VSCODE_NLS_CONFIG = {"locale":"en-gb","availableLanguages":{},"_languagePackSupport":true}
# environment
_ = /usr/bin/make
# makefile (from `Makefile', line 5)
service = transit
# makefile (from `.env', line 1)
MAKEFILE_LIST :=  Makefile .env
# environment
VSCODE_VERBOSE_LOGGING = true
# environment
__CFBundleIdentifier = com.microsoft.VSCode
# environment
VSCODE_IPC_HOOK_EXTHOST = /var/folders/dp/5jcklj4n2xnbkqfn4n9wq49jprp5k_/T/vscode-ipc-9599654f-4122-460f-8ec9-fdc680077d9e.sock
# environment
VSCODE_CWD = /Users/chrisb/Projects/github/chrisb/ha-vault-in-swarm-with-transit
# makefile (from `Makefile', line 18)
service_ps_1 = $(shell $(DOCKER) service ps $(SERVICE) --no-trunc --filter desired-state=running --format '{{.Name}}.{{.ID}} {{.Node}}')
# environment
PATH = /usr/local/bin:/usr/bin:/bin:/usr/sbin:/sbin:/usr/local/go/bin:/usr/local/share/dotnet:~/.dotnet/tools:/Library/Apple/usr/bin:/Library/Frameworks/Mono.framework/Versions/Current/Commands:/Applications/Xamarin Workbooks.app/Contents/SharedSupport/path-bin:/Users/chrisb/.dotnet/tools
# makefile (from `Makefile', line 7)
DOCKER = docker
# makefile (from `Makefile', line 16)
VAULT_FILES = vault-stack.yml
# environment
LaunchInstanceID = 0C22500A-DF08-4AD5-B6B0-AC9787EE945E
# environment
VSCODE_LOG_STACK = false
# environment
ELECTRON_RUN_AS_NODE = 1
# default
.FEATURES := target-specific order-only second-expansion else-if archives jobserver check-symlink
# environment
SSH_AUTH_SOCK = /private/tmp/com.apple.launchd.NOWBDcXPPo/Listeners
# automatic
%F = $(notdir $%)
# environment
VSCODE_PIPE_LOGGING = true
# environment
PWD = /Users/chrisb/Projects/github/chrisb/ha-vault-in-swarm-with-transit
# environment
ORIGINAL_XDG_CURRENT_DESKTOP = undefined
# environment
VSCODE_AMD_ENTRYPOINT = vs/workbench/api/node/extensionHostProcess
# environment
HOME = /Users/chrisb
# default
MAKEFILEPATH = $(shell /usr/bin/xcode-select -print-path 2>/dev/null || echo /Developer)/Makefiles
# environment
VSCODE_CLI = 1
# environment
VSCODE_CODE_CACHE_PATH = /Users/chrisb/Library/Application Support/Code/CachedData/da15b6fd3ef856477bf6f4fb29ba1b7af717770d
# environment
LOGNAME = chrisb
# environment
APPLICATION_INSIGHTS_NO_DIAGNOSTIC_CHANNEL = 1
# environment
VSCODE_HANDLES_UNCAUGHT_ERRORS = true
# automatic
^D = $(patsubst %/,%,$(dir $^))
# environment
XPC_FLAGS = 0x0
# default
MAKE = $(MAKE_COMMAND)
# default
MAKECMDGOALS := all
# environment
SHLVL = 3
# makefile (from `Makefile', line 4)
context = 
# default
MAKE_VERSION := 3.81
# environment
USER = chrisb
# makefile
.DEFAULT_GOAL := transit
# environment
TERM_SESSION_ID = 83C15136-8497-4015-B25F-60505E412EA5
# makefile (from `.env', line 2)
TRANSIT_TOKEN = 
# automatic
%D = $(patsubst %/,%,$(dir $%))
# makefile (from `Makefile', line 15)
TRANSIT_FILES = transit-stack.yml
# default
MAKE_COMMAND := /Library/Developer/CommandLineTools/usr/bin/make
# environment
TERM_PROGRAM = Apple_Terminal
# default
.VARIABLES := 
# environment
TMPDIR = /var/folders/dp/5jcklj4n2xnbkqfn4n9wq49jprp5k_/T/
# automatic
*F = $(notdir $*)
# environment
VSCODE_IPC_HOOK = /Users/chrisb/Library/Application Support/Code/1.67.1-main.sock
# makefile
MAKEFLAGS = Rrqp
# makefile (from `Makefile', line 14)
SERVICE = $(STACK)_$(service)
# environment
MFLAGS = -Rrqp
# automatic
*D = $(patsubst %/,%,$(dir $*))
# environment
TERM_PROGRAM_VERSION = 440
# makefile (from `.env', line 1)
DOMAIN = example.com
# environment
XPC_SERVICE_NAME = application.com.microsoft.VSCode.4438797498.4438797504.0C5E5C67-32CA-4051-8DE8-10E9B24CEADE
# automatic
+D = $(patsubst %/,%,$(dir $+))
# makefile (from `Makefile', line 19)
service_name = $(word 1,$(service_ps_1))
# automatic
+F = $(notdir $+)
# environment
__CF_USER_TEXT_ENCODING = 0x6D8B164A:0x0:0x2
# environment
COMMAND_MODE = unix2003
# makefile (from `Makefile', line 25)
cmd = /bin/sh
# default
MAKEFILES := 
# automatic
<F = $(notdir $<)
# environment
LC_ALL = C
# environment
SECURITYSESSIONID = 186a6
# makefile (from `Makefile', line 3)
stack = $(notdir $(PWD))
# automatic
^F = $(notdir $^)
# default
SUFFIXES := 
# default
.INCLUDE_DIRS = /usr/local/include
# environment
MAKELEVEL := 0
# makefile (from `Makefile', line 24)
ENV = DOMAIN=$(DOMAIN) STACK=$(STACK) TRANSIT_TOKEN=$(TRANSIT_TOKEN)
# environment
LANG = C
# environment
TERM = xterm-256color
# environment
VSCODE_PID = 580
# makefile (from `Makefile', line 20)
service_node = $(word 2,$(service_ps_1))
# makefile (from `Makefile', line 12)
FILES = vault-stack.yml
# variable set hash-table stats:
# Load=87/1024=8%, Rehash=0, Collisions=1/122=1%

# Pattern-specific Variable Values

# No pattern-specific variable values.

# Directories

# . (device 16777220, inode 4439067139): 9 files, no impossibilities.

# 9 files, no impossibilities in 1 directories.

# Implicit Rules

# No implicit rules.

# Files

vault:
#  Implicit rule search has not been done.
#  Modification time never checked.
#  File has not been updated.
#  commands to execute (from `Makefile', line 46):
	$(ENV) $(DOCKER) stack deploy $(addprefix --compose-file ,$(VAULT_FILES)) $(STACK)
	@open http://vault.$(STACK).$(DOMAIN)
	

# Not a target:
all:
#  Command-line target.
#  Implicit rule search has been done.
#  File does not exist.
#  File has not been updated.
# variable set hash-table stats:
# Load=0/32=0%, Rehash=0, Collisions=0/0=0%

transit-shell:
#  Implicit rule search has not been done.
#  Modification time never checked.
#  File has not been updated.
#  commands to execute (from `Makefile', line 40):
	$(MAKE) exec context=$(service_node) container=$(service_name) cmd=/bin/sh
	

# Not a target:
.SUFFIXES:
#  Implicit rule search has not been done.
#  Modification time never checked.
#  File has not been updated.

# Not a target:
Makefile:
#  Implicit rule search has been done.
#  Last modified 2022-05-20 11:05:37
#  File has been updated.
#  Successfully updated.
# variable set hash-table stats:
# Load=0/32=0%, Rehash=0, Collisions=0/0=0%

vault-shell:
#  Implicit rule search has not been done.
#  Modification time never checked.
#  File has not been updated.
#  commands to execute (from `Makefile', line 50):
	@$(MAKE) shell service=vault
	

# Not a target:
.env:
#  Implicit rule search has been done.
#  Last modified 2022-05-20 11:12:06
#  File has been updated.
#  Successfully updated.
# variable set hash-table stats:
# Load=0/32=0%, Rehash=0, Collisions=0/0=0%

# Not a target:
.DEFAULT:
#  Implicit rule search has not been done.
#  Modification time never checked.
#  File has not been updated.

clean:
#  Implicit rule search has not been done.
#  Modification time never checked.
#  File has not been updated.
#  commands to execute (from `Makefile', line 53):
	@$(DOCKER) stack rm $(STACK)
	@$(DOCKER) volume rm $(STACK)_transit
	@$(DOCKER) volume rm $(STACK)_vault-1
	@$(DOCKER) volume rm $(STACK)_vault-2
	@$(DOCKER) volume rm $(STACK)_vault-3
	

transit:
#  Implicit rule search has not been done.
#  Modification time never checked.
#  File has not been updated.
#  commands to execute (from `Makefile', line 30):
	@$(ENV) $(DOCKER) stack deploy $(addprefix --compose-file ,$(TRANSIT_FILES)) $(STACK)
	@open http://transit.$(STACK).$(DOMAIN)
	

shell:
#  Implicit rule search has not been done.
#  Modification time never checked.
#  File has not been updated.
#  commands to execute (from `Makefile', line 37):
	$(MAKE) exec context=$(service_node) container=$(service_name) cmd='$(cmd)'
	

exec:
#  Implicit rule search has not been done.
#  Modification time never checked.
#  File has not been updated.
#  commands to execute (from `Makefile', line 43):
 
	$(DOCKER) exec -it $(container) $(cmd)
	

ps:
#  Implicit rule search has not been done.
#  Modification time never checked.
#  File has not been updated.
#  commands to execute (from `Makefile', line 34):
	@$(DOCKER) stack ps $(STACK) --no-trunc --format "table{{.ID}}\t{{.Name}}\t{{.Node}}\t{{.DesiredState}}\t{{.CurrentState}}\t{{.Error}}"
	

# files hash-table stats:
# Load=13/1024=1%, Rehash=0, Collisions=1/26=4%
# VPATH Search Paths

# No `vpath' search paths.

# No general (`VPATH' variable) search path.

# # of strings in strcache: 2
# # of strcache buffers: 1
# strcache size: total = 4096 / max = 4096 / min = 4096 / avg = 4096
# strcache free: total = 4082 / max = 4082 / min = 4082 / avg = 4082

# Finished Make data base on Mon May 23 10:58:51 2022

 
